<?xml version="1.0" encoding="UTF-8"?>
<!-- Generated by org.testng.reporters.JUnitXMLReporter -->
<testsuite ignored="2" hostname="Samreen-Adils-MacBook-Air.local" failures="0" tests="1" name="Default test" time="16.236" errors="0" timestamp="19 Jul 2020 17:13:49 GMT">
  <testcase classname="com.qa.hubspot.tests.LoginPageTest" name="verifyLoginValidCredentialsTest" time="6.787"/>
  <testcase classname="com.qa.hubspot.tests.LoginPageTest" name="verifyLoginPageTitleTest" time="0.0">
    <ignored/>
  </testcase> <!-- verifyLoginPageTitleTest -->
  <testcase classname="com.qa.hubspot.tests.LoginPageTest" name="verifySignUpLinkPresenceTest" time="0.0">
    <ignored/>
  </testcase> <!-- verifySignUpLinkPresenceTest -->
</testsuite> <!-- Default test -->
