<?xml version="1.0" encoding="UTF-8"?>
<!-- Generated by org.testng.reporters.JUnitXMLReporter -->
<testsuite ignored="0" hostname="Samreen-Adils-MacBook-Air.local" failures="0" tests="3" name="HubSpot Feature Testing" time="17.934" errors="0" timestamp="23 Jul 2020 16:03:26 GMT">
  <testcase classname="com.qa.hubspot.tests.LoginPageTest" name="verifySignUpLinkPresenceTest" time="6.926"/>
  <testcase classname="com.qa.hubspot.tests.LoginPageTest" name="verifyLoginPageTitleTest" time="0.092"/>
  <testcase classname="com.qa.hubspot.tests.LoginPageTest" name="verifyLoginValidCredentialsTest" time="1.046"/>
</testsuite> <!-- HubSpot Feature Testing -->
