<?xml version="1.0" encoding="UTF-8"?>
<testng-results ignored="0" total="3" passed="3" failed="0" skipped="0">
  <reporter-output>
  </reporter-output>
  <suite started-at="2020-07-23T16:03:08Z" name="HubSpot Test automtion regression suite" finished-at="2020-07-23T16:03:26Z" duration-ms="17934">
    <groups>
    </groups>
    <test started-at="2020-07-23T16:03:08Z" name="HubSpot Feature Testing" finished-at="2020-07-23T16:03:26Z" duration-ms="17934">
      <class name="com.qa.hubspot.tests.LoginPageTest">
        <test-method is-config="true" signature="setup()[pri:0, instance:com.qa.hubspot.tests.LoginPageTest@7b208b45]" started-at="2020-07-23T16:03:08Z" name="setup" finished-at="2020-07-23T16:03:17Z" duration-ms="9340" status="PASS">
          <reporter-output>
          </reporter-output>
        </test-method> <!-- setup -->
        <test-method signature="verifySignUpLinkPresenceTest()[pri:1, instance:com.qa.hubspot.tests.LoginPageTest@7b208b45]" started-at="2020-07-23T16:03:17Z" name="verifySignUpLinkPresenceTest" finished-at="2020-07-23T16:03:24Z" duration-ms="6926" status="PASS">
          <reporter-output>
          </reporter-output>
        </test-method> <!-- verifySignUpLinkPresenceTest -->
        <test-method signature="verifyLoginPageTitleTest()[pri:2, instance:com.qa.hubspot.tests.LoginPageTest@7b208b45]" started-at="2020-07-23T16:03:24Z" name="verifyLoginPageTitleTest" finished-at="2020-07-23T16:03:25Z" duration-ms="92" status="PASS">
          <reporter-output>
          </reporter-output>
        </test-method> <!-- verifyLoginPageTitleTest -->
        <test-method signature="verifyLoginValidCredentialsTest()[pri:3, instance:com.qa.hubspot.tests.LoginPageTest@7b208b45]" started-at="2020-07-23T16:03:25Z" name="verifyLoginValidCredentialsTest" finished-at="2020-07-23T16:03:26Z" duration-ms="1046" status="PASS">
          <reporter-output>
          </reporter-output>
        </test-method> <!-- verifyLoginValidCredentialsTest -->
        <test-method is-config="true" signature="tearDown()[pri:0, instance:com.qa.hubspot.tests.LoginPageTest@7b208b45]" started-at="2020-07-23T16:03:26Z" name="tearDown" finished-at="2020-07-23T16:03:26Z" duration-ms="4" status="PASS">
          <reporter-output>
          </reporter-output>
        </test-method> <!-- tearDown -->
      </class> <!-- com.qa.hubspot.tests.LoginPageTest -->
    </test> <!-- HubSpot Feature Testing -->
  </suite> <!-- HubSpot Test automtion regression suite -->
</testng-results>
